<?xml version="1.0" encoding="UTF-8"?>
<testsuite name="Search package" tests="1" skipped="1" failures="0" errors="0" timestamp="2021-03-29T15:36:35" hostname="CPX-YRLQ0S57OK8" time="0.06">
  <properties/>
  <testcase name="Search for a package with departure Medellin and destination Santa Marta with" classname="Search package" time="0.06">
    <skipped/>
  </testcase>
  <system-out><![CDATA[]]></system-out>
  <system-err><![CDATA[[Test worker] INFO net.thucydides.core.steps.ConsoleLoggingListener - TEST PENDING
[Test worker] INFO net.thucydides.core.steps.ConsoleLoggingListener - 
          __  _____ _____ ____ _____   ____  _____ _   _ ____ ___ _   _  ____ 
 _       / / |_   _| ____/ ___|_   _| |  _ \| ____| \ | |  _ \_ _| \ | |/ ___|
(_)____ / /    | | |  _| \___ \ | |   | |_) |  _| |  \| | | | | ||  \| | |  _ 
 |_____/ /     | | | |___ ___) || |   |  __/| |___| |\  | |_| | || |\  | |_| |
(_)   /_/      |_| |_____|____/ |_|   |_|   |_____|_| \_|____/___|_| \_|\____|
                                                                                

TEST PENDING: Search for a package with departure Medellin and destination Santa Marta with
---------------------------------------------------------------------------------
]]></system-err>
</testsuite>
